<?xml version="1.0" encoding="UTF-8"?>
<!-- Generated by org.testng.reporters.JUnitXMLReporter -->
<testsuite ignored="0" hostname="DESKTOP-413IDC" failures="0" tests="11" name="AMS Test" time="189.17" errors="0" timestamp="11 May 2023 05:38:56 GMT">
  <testcase classname="com.tests.AMS.LoginTest" name="ExecuteLoginTests" time="8.549"/>
  <testcase classname="com.tests.AMS.ForgotPasswordTest" name="ExecuteForgotPasswordTests" time="2.746"/>
  <testcase classname="com.tests.AMS.DashboardModuleTest" name="ExecuteDashboardTests" time="18.64"/>
  <testcase classname="com.tests.AMS.AssetModuleTest" name="ExecuteAssetModuleTests" time="25.75"/>
  <testcase classname="com.tests.AMS.EmployeeModuleTest" name="ExecuteEmployeeModuleTests" time="15.866"/>
  <testcase classname="com.tests.AMS.RequestModuleTest" name="ExecuteRequestModuleTests" time="5.157"/>
  <testcase classname="com.tests.AMS.AssetsGroupModuleTest" name="ExecuteAssetsGroupModuleTests" time="9.433"/>
  <testcase classname="com.tests.AMS.AssetsDepartmentModuleTest" name="ExecuteAssetsDepartmentModuleTests" time="8.969"/>
  <testcase classname="com.tests.AMS.AssetsVendorModuleTest" name="ExecuteAssetsVendorModuleTests" time="9.712"/>
  <testcase classname="com.tests.AMS.AssetsStatusModuleTest" name="ExecuteAssetsStatusModuleTests" time="8.587"/>
  <testcase classname="com.tests.AMS.UserModuleTest" name="ExecuteUserModuleTests" time="12.372"/>
</testsuite> <!-- AMS Test -->
