<?xml version="1.0" encoding="UTF-8"?>
<!-- Generated by org.testng.reporters.JUnitXMLReporter -->
<testsuite ignored="0" hostname="DESKTOP-413IDC" failures="0" tests="11" name="AMS Test" time="154.728" errors="0" timestamp="23 Jun 2023 11:55:26 GMT">
  <testcase classname="com.tests.AMS.LoginTest" name="ExecuteLoginTests" time="7.232"/>
  <testcase classname="com.tests.AMS.ForgotPasswordTest" name="ExecuteForgotPasswordTests" time="2.159"/>
  <testcase classname="com.tests.AMS.DashboardModuleTest" name="ExecuteDashboardTests" time="8.86"/>
  <testcase classname="com.tests.AMS.AssetModuleTest" name="ExecuteAssetModuleTests" time="18.889"/>
  <testcase classname="com.tests.AMS.EmployeeModuleTest" name="ExecuteEmployeeModuleTests" time="13.006"/>
  <testcase classname="com.tests.AMS.RequestModuleTest" name="ExecuteRequestModuleTests" time="5.071"/>
  <testcase classname="com.tests.AMS.AssetsGroupModuleTest" name="ExecuteAssetsGroupModuleTests" time="9.05"/>
  <testcase classname="com.tests.AMS.AssetsDepartmentModuleTest" name="ExecuteAssetsDepartmentModuleTests" time="9.137"/>
  <testcase classname="com.tests.AMS.AssetsVendorModuleTest" name="ExecuteAssetsVendorModuleTests" time="9.117"/>
  <testcase classname="com.tests.AMS.AssetsStatusModuleTest" name="ExecuteAssetsStatusModuleTests" time="8.735"/>
  <testcase classname="com.tests.AMS.UserModuleTest" name="ExecuteUserModuleTests" time="10.733"/>
</testsuite> <!-- AMS Test -->
