<?xml version="1.0" encoding="UTF-8"?>
<!-- Generated by org.testng.reporters.JUnitXMLReporter -->
<testsuite ignored="0" hostname="NCSIN04K4GYP3C0" failures="0" tests="2" name="Demo Test" time="45.36" errors="0" timestamp="2023-07-18T10:35:59 IST">
  <testcase classname="com.ncs.advancedselenium.NetAporterWebsite.NetAPorterHomePageTest" name="choosing_language_japanese" time="13.612"/>
  <testcase classname="com.ncs.advancedselenium.NetAporterWebsite.NetAPorterHomePageTest" name="clicking_on_account_tab" time="4.233"/>
</testsuite> <!-- Demo Test -->
