<?xml version="1.0" encoding="UTF-8"?>
<testng-results ignored="0" total="1" passed="1" failed="0" skipped="0">
  <reporter-output>
  </reporter-output>
  <suite started-at="2023-07-16T13:21:28Z" name="TCC" finished-at="2023-07-16T13:21:43Z" duration-ms="15029">
    <groups>
    </groups>
    <test started-at="2023-07-16T13:21:28Z" name="Demo Test" finished-at="2023-07-16T13:21:43Z" duration-ms="15029">
      <class name="com.ncs.advancedselenium.NetAporterWebsite.NetAPorterHomePageTest">
        <test-method is-config="true" signature="setup(java.lang.String, java.lang.String)[pri:0, instance:com.ncs.advancedselenium.NetAporterWebsite.NetAPorterHomePageTest@37f1104d]" started-at="2023-07-16T13:21:28Z" name="setup" finished-at="2023-07-16T13:21:43Z" duration-ms="14487" status="PASS">
          <params>
            <param index="0">
              <value>
                <![CDATA[chrome]]>
              </value>
            </param>
            <param index="1">
              <value>
                <![CDATA[https://www.net-a-porter.com/en-in/]]>
              </value>
            </param>
          </params>
          <reporter-output>
          </reporter-output>
        </test-method> <!-- setup -->
        <test-method signature="f()[pri:0, instance:com.ncs.advancedselenium.NetAporterWebsite.NetAPorterHomePageTest@37f1104d]" started-at="2023-07-16T13:21:43Z" name="f" finished-at="2023-07-16T13:21:43Z" duration-ms="9" status="PASS">
          <reporter-output>
          </reporter-output>
        </test-method> <!-- f -->
        <test-method is-config="true" signature="teardown()[pri:0, instance:com.ncs.advancedselenium.NetAporterWebsite.NetAPorterHomePageTest@37f1104d]" started-at="2023-07-16T13:21:43Z" name="teardown" finished-at="2023-07-16T13:21:43Z" duration-ms="511" status="PASS">
          <reporter-output>
          </reporter-output>
        </test-method> <!-- teardown -->
      </class> <!-- com.ncs.advancedselenium.NetAporterWebsite.NetAPorterHomePageTest -->
    </test> <!-- Demo Test -->
  </suite> <!-- TCC -->
</testng-results>
