<?xml version="1.0" encoding="UTF-8"?>
<!-- Generated by org.testng.reporters.JUnitXMLReporter -->
<testsuite ignored="0" hostname="NCSIN04K4GYP3C0" failures="0" tests="2" name="Demo Test 4" time="70.716" errors="0" timestamp="2023-08-01T23:25:38 IST">
  <testcase classname="com.ncs.advancedselenium.NetAporterWebsite.Assessment31JulyPHPTravelersTest" name="registration_test" time="47.15"/>
  <testcase classname="com.ncs.advancedselenium.NetAporterWebsite.Assessment31JulyPHPTravelersTest" name="validating_password" time="11.586"/>
</testsuite> <!-- Demo Test 4 -->
