<?xml version="1.0" encoding="UTF-8"?>
<!-- Generated by org.testng.reporters.JUnitXMLReporter -->
<testsuite ignored="0" hostname="NCSIN04K4GYP3C0" failures="0" tests="4" name="Demo Test 2" time="62.679" errors="0" timestamp="2023-07-18T12:03:27 IST">
  <testcase classname="com.ncs.advancedselenium.NetAporterWebsite.NetAPorterAccountPageTest" name="invalid_birthday_date" time="3.197"/>
  <testcase classname="com.ncs.advancedselenium.NetAporterWebsite.NetAPorterAccountPageTest" name="invalid_email_field" time="0.842"/>
  <testcase classname="com.ncs.advancedselenium.NetAporterWebsite.NetAPorterAccountPageTest" name="invalid_password_field" time="2.134"/>
  <testcase classname="com.ncs.advancedselenium.NetAporterWebsite.NetAPorterAccountPageTest" name="validRegistration" time="1.426"/>
</testsuite> <!-- Demo Test 2 -->
