<?xml version="1.0" encoding="UTF-8"?>
<!-- Generated by org.testng.reporters.JUnitXMLReporter -->
<testsuite ignored="1" hostname="NCSIN04R4GYP3C0" failures="0" tests="1" name="Mankind Test" time="42.176" errors="0" timestamp="31 Jul 2023 18:04:03 GMT">
  <testcase classname="com.testCases.MankindTest" name="signUpTest" time="28.994"/>
  <testcase classname="com.testCases.MankindTest" name="changeCountryTest" time="0.0">
    <ignored/>
  </testcase> <!-- changeCountryTest -->
</testsuite> <!-- Mankind Test -->
