<?xml version="1.0" encoding="UTF-8"?>
<!-- Generated by org.testng.reporters.JUnitXMLReporter -->
<testsuite ignored="1" hostname="NCSIN04R4GYP3C0" failures="2" tests="2" name="NetAPorter Test" time="16.402" errors="0" timestamp="18 Jul 2023 09:56:21 GMT">
  <testcase classname="com.testCases.LanguageChangeTest" name="SignUp" time="1.092">
    <failure type="java.lang.NullPointerException" message="Cannot invoke &amp;quot;org.apache.poi.xssf.usermodel.XSSFRow.getCell(int)&amp;quot; because &amp;quot;com.utilities.XLUtils.row&amp;quot; is null">
      <![CDATA[java.lang.NullPointerException: Cannot invoke "org.apache.poi.xssf.usermodel.XSSFRow.getCell(int)" because "com.utilities.XLUtils.row" is null
at com.utilities.XLUtils.getCellData(XLUtils.java:84)
at com.testCases.LanguageChangeTest.SignUp(LanguageChangeTest.java:43)
... Removed 25 stack frames]]>
    </failure>
  </testcase> <!-- SignUp -->
  <testcase classname="com.testCases.LanguageChangeTest" name="SignUp" time="15.712">
    <failure type="java.lang.NullPointerException" message="Cannot invoke &amp;quot;org.apache.poi.xssf.usermodel.XSSFCell.toString()&amp;quot; because the return value of &amp;quot;org.apache.poi.xssf.usermodel.XSSFRow.getCell(int)&amp;quot; is null">
      <![CDATA[java.lang.NullPointerException: Cannot invoke "org.apache.poi.xssf.usermodel.XSSFCell.toString()" because the return value of "org.apache.poi.xssf.usermodel.XSSFRow.getCell(int)" is null
at com.utilities.XLUtils.FetchExcelTestCaseData(XLUtils.java:330)
at com.utilities.Reporting.onTestFailure(Reporting.java:119)
... Removed 22 stack frames]]>
    </failure>
  </testcase> <!-- SignUp -->
  <testcase classname="com.testCases.LanguageChangeTest" name="LanguageChange" time="0.0">
    <ignored/>
  </testcase> <!-- LanguageChange -->
</testsuite> <!-- NetAPorter Test -->
