<?xml version="1.0" encoding="UTF-8"?>
<!-- Generated by org.testng.reporters.JUnitXMLReporter -->
<testsuite ignored="0" hostname="NCSIN0JJ81KT2C0" failures="2" tests="2" name="Practical Assessment Test" time="15.09" errors="0" timestamp="31 Jul 2023 12:47:11 GMT">
  <testcase classname="com.testCases.youngtestcase" name="Links" time="0.047">
    <failure type="java.lang.IllegalArgumentException" message="Can not set java.util.ArrayList field com.pageObjects.youngandreckHP.mens_top to jdk.proxy2.$Proxy15">
      <![CDATA[java.lang.IllegalArgumentException: Can not set java.util.ArrayList field com.pageObjects.youngandreckHP.mens_top to jdk.proxy2.$Proxy15
at org.openqa.selenium.support.PageFactory.proxyFields(PageFactory.java:117)
at org.openqa.selenium.support.PageFactory.initElements(PageFactory.java:105)
at org.openqa.selenium.support.PageFactory.initElements(PageFactory.java:92)
at org.openqa.selenium.support.PageFactory.initElements(PageFactory.java:79)
at com.pageObjects.youngandreckHP.<init>(youngandreckHP.java:18)
at com.testCases.youngtestcase.Links(youngtestcase.java:14)
... Removed 29 stack frames]]>
    </failure>
  </testcase> <!-- Links -->
  <testcase classname="com.testCases.youngtestcase" name="Links" time="14.181">
    <failure type="java.lang.NullPointerException" message="Cannot invoke &amp;quot;org.apache.poi.xssf.usermodel.XSSFCell.toString()&amp;quot; because the return value of &amp;quot;org.apache.poi.xssf.usermodel.XSSFRow.getCell(int)&amp;quot; is null">
      <![CDATA[java.lang.NullPointerException: Cannot invoke "org.apache.poi.xssf.usermodel.XSSFCell.toString()" because the return value of "org.apache.poi.xssf.usermodel.XSSFRow.getCell(int)" is null
at com.utilities.XLUtils.FetchExcelTestCaseData(XLUtils.java:209)
at com.utilities.Reporting.onTestFailure(Reporting.java:119)
... Removed 22 stack frames]]>
    </failure>
  </testcase> <!-- Links -->
</testsuite> <!-- Practical Assessment Test -->
