<?xml version="1.0" encoding="UTF-8"?>
<testng-results ignored="0" total="11" passed="11" failed="0" skipped="0">
  <reporter-output>
  </reporter-output>
  <suite started-at="2023-05-11T05:35:46Z" name="TCC-TestRunner" finished-at="2023-05-11T05:38:56Z" duration-ms="189170">
    <groups>
    </groups>
    <test started-at="2023-05-11T05:35:46Z" name="AMS Test" finished-at="2023-05-11T05:38:56Z" duration-ms="189170">
      <class name="com.tests.AMS.AssetModuleTest">
        <test-method is-config="true" signature="setup(java.lang.String, java.lang.String)[pri:0, instance:com.tests.AMS.AssetModuleTest@29647f75]" started-at="2023-05-11T05:36:32Z" name="setup" finished-at="2023-05-11T05:36:38Z" duration-ms="5700" status="PASS">
          <params>
            <param index="0">
              <value>
                <![CDATA[chrome]]>
              </value>
            </param>
            <param index="1">
              <value>
                <![CDATA[http://10.176.41.10:8080/UatAms]]>
              </value>
            </param>
          </params>
          <reporter-output>
          </reporter-output>
        </test-method> <!-- setup -->
        <test-method signature="ExecuteAssetModuleTests()[pri:1, instance:com.tests.AMS.AssetModuleTest@29647f75]" started-at="2023-05-11T05:36:38Z" name="ExecuteAssetModuleTests" finished-at="2023-05-11T05:37:03Z" duration-ms="25750" status="PASS">
          <reporter-output>
          </reporter-output>
        </test-method> <!-- ExecuteAssetModuleTests -->
        <test-method is-config="true" signature="teardown()[pri:0, instance:com.tests.AMS.AssetModuleTest@29647f75]" started-at="2023-05-11T05:37:03Z" name="teardown" finished-at="2023-05-11T05:37:04Z" duration-ms="572" status="PASS">
          <reporter-output>
          </reporter-output>
        </test-method> <!-- teardown -->
      </class> <!-- com.tests.AMS.AssetModuleTest -->
      <class name="com.tests.AMS.DashboardModuleTest">
        <test-method is-config="true" signature="setup(java.lang.String, java.lang.String)[pri:0, instance:com.tests.AMS.DashboardModuleTest@355ce81c]" started-at="2023-05-11T05:36:08Z" name="setup" finished-at="2023-05-11T05:36:13Z" duration-ms="5052" status="PASS">
          <params>
            <param index="0">
              <value>
                <![CDATA[chrome]]>
              </value>
            </param>
            <param index="1">
              <value>
                <![CDATA[http://10.176.41.10:8080/UatAms]]>
              </value>
            </param>
          </params>
          <reporter-output>
          </reporter-output>
        </test-method> <!-- setup -->
        <test-method signature="ExecuteDashboardTests()[pri:1, instance:com.tests.AMS.DashboardModuleTest@355ce81c]" started-at="2023-05-11T05:36:13Z" name="ExecuteDashboardTests" finished-at="2023-05-11T05:36:32Z" duration-ms="18640" status="PASS">
          <reporter-output>
          </reporter-output>
        </test-method> <!-- ExecuteDashboardTests -->
        <test-method is-config="true" signature="teardown()[pri:0, instance:com.tests.AMS.DashboardModuleTest@355ce81c]" started-at="2023-05-11T05:36:32Z" name="teardown" finished-at="2023-05-11T05:36:32Z" duration-ms="381" status="PASS">
          <reporter-output>
          </reporter-output>
        </test-method> <!-- teardown -->
      </class> <!-- com.tests.AMS.DashboardModuleTest -->
      <class name="com.tests.AMS.EmployeeModuleTest">
        <test-method is-config="true" signature="setup(java.lang.String, java.lang.String)[pri:0, instance:com.tests.AMS.EmployeeModuleTest@3315d2d7]" started-at="2023-05-11T05:37:04Z" name="setup" finished-at="2023-05-11T05:37:11Z" duration-ms="7287" status="PASS">
          <params>
            <param index="0">
              <value>
                <![CDATA[chrome]]>
              </value>
            </param>
            <param index="1">
              <value>
                <![CDATA[http://10.176.41.10:8080/UatAms]]>
              </value>
            </param>
          </params>
          <reporter-output>
          </reporter-output>
        </test-method> <!-- setup -->
        <test-method signature="ExecuteEmployeeModuleTests()[pri:1, instance:com.tests.AMS.EmployeeModuleTest@3315d2d7]" started-at="2023-05-11T05:37:11Z" name="ExecuteEmployeeModuleTests" finished-at="2023-05-11T05:37:27Z" duration-ms="15866" status="PASS">
          <reporter-output>
          </reporter-output>
        </test-method> <!-- ExecuteEmployeeModuleTests -->
        <test-method is-config="true" signature="teardown()[pri:0, instance:com.tests.AMS.EmployeeModuleTest@3315d2d7]" started-at="2023-05-11T05:37:27Z" name="teardown" finished-at="2023-05-11T05:37:28Z" duration-ms="411" status="PASS">
          <reporter-output>
          </reporter-output>
        </test-method> <!-- teardown -->
      </class> <!-- com.tests.AMS.EmployeeModuleTest -->
      <class name="com.tests.AMS.AssetsDepartmentModuleTest">
        <test-method is-config="true" signature="setup(java.lang.String, java.lang.String)[pri:0, instance:com.tests.AMS.AssetsDepartmentModuleTest@55b53d44]" started-at="2023-05-11T05:37:54Z" name="setup" finished-at="2023-05-11T05:37:59Z" duration-ms="5002" status="PASS">
          <params>
            <param index="0">
              <value>
                <![CDATA[chrome]]>
              </value>
            </param>
            <param index="1">
              <value>
                <![CDATA[http://10.176.41.10:8080/UatAms]]>
              </value>
            </param>
          </params>
          <reporter-output>
          </reporter-output>
        </test-method> <!-- setup -->
        <test-method signature="ExecuteAssetsDepartmentModuleTests()[pri:1, instance:com.tests.AMS.AssetsDepartmentModuleTest@55b53d44]" started-at="2023-05-11T05:37:59Z" name="ExecuteAssetsDepartmentModuleTests" finished-at="2023-05-11T05:38:08Z" duration-ms="8969" status="PASS">
          <reporter-output>
          </reporter-output>
        </test-method> <!-- ExecuteAssetsDepartmentModuleTests -->
        <test-method is-config="true" signature="teardown()[pri:0, instance:com.tests.AMS.AssetsDepartmentModuleTest@55b53d44]" started-at="2023-05-11T05:38:08Z" name="teardown" finished-at="2023-05-11T05:38:08Z" duration-ms="260" status="PASS">
          <reporter-output>
          </reporter-output>
        </test-method> <!-- teardown -->
      </class> <!-- com.tests.AMS.AssetsDepartmentModuleTest -->
      <class name="com.tests.AMS.AssetsGroupModuleTest">
        <test-method is-config="true" signature="setup(java.lang.String, java.lang.String)[pri:0, instance:com.tests.AMS.AssetsGroupModuleTest@5fa07e12]" started-at="2023-05-11T05:37:39Z" name="setup" finished-at="2023-05-11T05:37:44Z" duration-ms="5435" status="PASS">
          <params>
            <param index="0">
              <value>
                <![CDATA[chrome]]>
              </value>
            </param>
            <param index="1">
              <value>
                <![CDATA[http://10.176.41.10:8080/UatAms]]>
              </value>
            </param>
          </params>
          <reporter-output>
          </reporter-output>
        </test-method> <!-- setup -->
        <test-method signature="ExecuteAssetsGroupModuleTests()[pri:1, instance:com.tests.AMS.AssetsGroupModuleTest@5fa07e12]" started-at="2023-05-11T05:37:44Z" name="ExecuteAssetsGroupModuleTests" finished-at="2023-05-11T05:37:54Z" duration-ms="9433" status="PASS">
          <reporter-output>
          </reporter-output>
        </test-method> <!-- ExecuteAssetsGroupModuleTests -->
        <test-method is-config="true" signature="teardown()[pri:0, instance:com.tests.AMS.AssetsGroupModuleTest@5fa07e12]" started-at="2023-05-11T05:37:54Z" name="teardown" finished-at="2023-05-11T05:37:54Z" duration-ms="280" status="PASS">
          <reporter-output>
          </reporter-output>
        </test-method> <!-- teardown -->
      </class> <!-- com.tests.AMS.AssetsGroupModuleTest -->
      <class name="com.tests.AMS.RequestModuleTest">
        <test-method is-config="true" signature="setup(java.lang.String, java.lang.String)[pri:0, instance:com.tests.AMS.RequestModuleTest@d6e7bab]" started-at="2023-05-11T05:37:28Z" name="setup" finished-at="2023-05-11T05:37:33Z" duration-ms="5723" status="PASS">
          <params>
            <param index="0">
              <value>
                <![CDATA[chrome]]>
              </value>
            </param>
            <param index="1">
              <value>
                <![CDATA[http://10.176.41.10:8080/UatAms]]>
              </value>
            </param>
          </params>
          <reporter-output>
          </reporter-output>
        </test-method> <!-- setup -->
        <test-method signature="ExecuteRequestModuleTests()[pri:1, instance:com.tests.AMS.RequestModuleTest@d6e7bab]" started-at="2023-05-11T05:37:33Z" name="ExecuteRequestModuleTests" finished-at="2023-05-11T05:37:38Z" duration-ms="5157" status="PASS">
          <reporter-output>
          </reporter-output>
        </test-method> <!-- ExecuteRequestModuleTests -->
        <test-method is-config="true" signature="teardown()[pri:0, instance:com.tests.AMS.RequestModuleTest@d6e7bab]" started-at="2023-05-11T05:37:38Z" name="teardown" finished-at="2023-05-11T05:37:39Z" duration-ms="333" status="PASS">
          <reporter-output>
          </reporter-output>
        </test-method> <!-- teardown -->
      </class> <!-- com.tests.AMS.RequestModuleTest -->
      <class name="com.tests.AMS.AssetsStatusModuleTest">
        <test-method is-config="true" signature="setup(java.lang.String, java.lang.String)[pri:0, instance:com.tests.AMS.AssetsStatusModuleTest@366647c2]" started-at="2023-05-11T05:38:24Z" name="setup" finished-at="2023-05-11T05:38:29Z" duration-ms="5080" status="PASS">
          <params>
            <param index="0">
              <value>
                <![CDATA[chrome]]>
              </value>
            </param>
            <param index="1">
              <value>
                <![CDATA[http://10.176.41.10:8080/UatAms]]>
              </value>
            </param>
          </params>
          <reporter-output>
          </reporter-output>
        </test-method> <!-- setup -->
        <test-method signature="ExecuteAssetsStatusModuleTests()[pri:1, instance:com.tests.AMS.AssetsStatusModuleTest@366647c2]" started-at="2023-05-11T05:38:29Z" name="ExecuteAssetsStatusModuleTests" finished-at="2023-05-11T05:38:37Z" duration-ms="8587" status="PASS">
          <reporter-output>
          </reporter-output>
        </test-method> <!-- ExecuteAssetsStatusModuleTests -->
        <test-method is-config="true" signature="teardown()[pri:0, instance:com.tests.AMS.AssetsStatusModuleTest@366647c2]" started-at="2023-05-11T05:38:37Z" name="teardown" finished-at="2023-05-11T05:38:38Z" duration-ms="294" status="PASS">
          <reporter-output>
          </reporter-output>
        </test-method> <!-- teardown -->
      </class> <!-- com.tests.AMS.AssetsStatusModuleTest -->
      <class name="com.tests.AMS.UserModuleTest">
        <test-method is-config="true" signature="setup(java.lang.String, java.lang.String)[pri:0, instance:com.tests.AMS.UserModuleTest@6a6afff2]" started-at="2023-05-11T05:38:38Z" name="setup" finished-at="2023-05-11T05:38:43Z" duration-ms="5401" status="PASS">
          <params>
            <param index="0">
              <value>
                <![CDATA[chrome]]>
              </value>
            </param>
            <param index="1">
              <value>
                <![CDATA[http://10.176.41.10:8080/UatAms]]>
              </value>
            </param>
          </params>
          <reporter-output>
          </reporter-output>
        </test-method> <!-- setup -->
        <test-method signature="ExecuteUserModuleTests()[pri:1, instance:com.tests.AMS.UserModuleTest@6a6afff2]" started-at="2023-05-11T05:38:43Z" name="ExecuteUserModuleTests" finished-at="2023-05-11T05:38:55Z" duration-ms="12372" status="PASS">
          <reporter-output>
          </reporter-output>
        </test-method> <!-- ExecuteUserModuleTests -->
        <test-method is-config="true" signature="teardown()[pri:0, instance:com.tests.AMS.UserModuleTest@6a6afff2]" started-at="2023-05-11T05:38:55Z" name="teardown" finished-at="2023-05-11T05:38:56Z" duration-ms="318" status="PASS">
          <reporter-output>
          </reporter-output>
        </test-method> <!-- teardown -->
      </class> <!-- com.tests.AMS.UserModuleTest -->
      <class name="com.tests.AMS.AssetsVendorModuleTest">
        <test-method is-config="true" signature="setup(java.lang.String, java.lang.String)[pri:0, instance:com.tests.AMS.AssetsVendorModuleTest@482bce4f]" started-at="2023-05-11T05:38:08Z" name="setup" finished-at="2023-05-11T05:38:14Z" duration-ms="5380" status="PASS">
          <params>
            <param index="0">
              <value>
                <![CDATA[chrome]]>
              </value>
            </param>
            <param index="1">
              <value>
                <![CDATA[http://10.176.41.10:8080/UatAms]]>
              </value>
            </param>
          </params>
          <reporter-output>
          </reporter-output>
        </test-method> <!-- setup -->
        <test-method signature="ExecuteAssetsVendorModuleTests()[pri:1, instance:com.tests.AMS.AssetsVendorModuleTest@482bce4f]" started-at="2023-05-11T05:38:14Z" name="ExecuteAssetsVendorModuleTests" finished-at="2023-05-11T05:38:23Z" duration-ms="9712" status="PASS">
          <reporter-output>
          </reporter-output>
        </test-method> <!-- ExecuteAssetsVendorModuleTests -->
        <test-method is-config="true" signature="teardown()[pri:0, instance:com.tests.AMS.AssetsVendorModuleTest@482bce4f]" started-at="2023-05-11T05:38:23Z" name="teardown" finished-at="2023-05-11T05:38:24Z" duration-ms="318" status="PASS">
          <reporter-output>
          </reporter-output>
        </test-method> <!-- teardown -->
      </class> <!-- com.tests.AMS.AssetsVendorModuleTest -->
      <class name="com.tests.AMS.LoginTest">
        <test-method is-config="true" signature="setup(java.lang.String, java.lang.String)[pri:0, instance:com.tests.AMS.LoginTest@13b13b5d]" started-at="2023-05-11T05:35:47Z" name="setup" finished-at="2023-05-11T05:35:51Z" duration-ms="4643" status="PASS">
          <params>
            <param index="0">
              <value>
                <![CDATA[chrome]]>
              </value>
            </param>
            <param index="1">
              <value>
                <![CDATA[http://10.176.41.10:8080/UatAms]]>
              </value>
            </param>
          </params>
          <reporter-output>
          </reporter-output>
        </test-method> <!-- setup -->
        <test-method signature="ExecuteLoginTests()[pri:1, instance:com.tests.AMS.LoginTest@13b13b5d]" started-at="2023-05-11T05:35:51Z" name="ExecuteLoginTests" finished-at="2023-05-11T05:36:00Z" duration-ms="8549" status="PASS">
          <reporter-output>
          </reporter-output>
        </test-method> <!-- ExecuteLoginTests -->
        <test-method is-config="true" signature="teardown()[pri:0, instance:com.tests.AMS.LoginTest@13b13b5d]" started-at="2023-05-11T05:36:00Z" name="teardown" finished-at="2023-05-11T05:36:00Z" duration-ms="305" status="PASS">
          <reporter-output>
          </reporter-output>
        </test-method> <!-- teardown -->
      </class> <!-- com.tests.AMS.LoginTest -->
      <class name="com.tests.AMS.ForgotPasswordTest">
        <test-method is-config="true" signature="setup(java.lang.String, java.lang.String)[pri:0, instance:com.tests.AMS.ForgotPasswordTest@2892dae4]" started-at="2023-05-11T05:36:00Z" name="setup" finished-at="2023-05-11T05:36:05Z" duration-ms="4741" status="PASS">
          <params>
            <param index="0">
              <value>
                <![CDATA[chrome]]>
              </value>
            </param>
            <param index="1">
              <value>
                <![CDATA[http://10.176.41.10:8080/UatAms]]>
              </value>
            </param>
          </params>
          <reporter-output>
          </reporter-output>
        </test-method> <!-- setup -->
        <test-method signature="ExecuteForgotPasswordTests()[pri:1, instance:com.tests.AMS.ForgotPasswordTest@2892dae4]" started-at="2023-05-11T05:36:05Z" name="ExecuteForgotPasswordTests" finished-at="2023-05-11T05:36:08Z" duration-ms="2746" status="PASS">
          <reporter-output>
          </reporter-output>
        </test-method> <!-- ExecuteForgotPasswordTests -->
        <test-method is-config="true" signature="teardown()[pri:0, instance:com.tests.AMS.ForgotPasswordTest@2892dae4]" started-at="2023-05-11T05:36:08Z" name="teardown" finished-at="2023-05-11T05:36:08Z" duration-ms="317" status="PASS">
          <reporter-output>
          </reporter-output>
        </test-method> <!-- teardown -->
      </class> <!-- com.tests.AMS.ForgotPasswordTest -->
    </test> <!-- AMS Test -->
  </suite> <!-- TCC-TestRunner -->
</testng-results>
