<?xml version="1.0" encoding="UTF-8"?>
<testsuite xmlns:xsi="http://www.w3.org/2001/XMLSchema-instance" xsi:noNamespaceSchemaLocation="https://maven.apache.org/surefire/maven-surefire-plugin/xsd/surefire-test-report-3.0.xsd" version="3.0" name="TestSuite" time="14.217" tests="1" errors="0" skipped="0" failures="1">
  <properties>
[...]
</properties>
  <testcase name="AssetsGroupModuleTestExecution" classname="com.tests.AMS.AssetsVendorModuleTest" time="7.507">
    <failure message="Cannot locate element with text: 15&#10;For documentation on this error, please visit: http://seleniumhq.org/exceptions/no_such_element.html&#10;Build info: version: &apos;3.12.0&apos;, revision: &apos;7c6e0b3&apos;, time: &apos;2018-05-08T14:04:26.12Z&apos;&#10;System info: host: &apos;DESKTOP-413IDC&apos;, ip: &apos;10.176.45.91&apos;, os.name: &apos;Windows 10&apos;, os.arch: &apos;amd64&apos;, os.version: &apos;10.0&apos;, java.version: &apos;18.0.1&apos;&#10;Driver info: driver.version: unknown" type="org.openqa.selenium.NoSuchElementException"><![CDATA[org.openqa.selenium.NoSuchElementException: 
Cannot locate element with text: 15
For documentation on this error, please visit: http://seleniumhq.org/exceptions/no_such_element.html
Build info: version: '3.12.0', revision: '7c6e0b3', time: '2018-05-08T14:04:26.12Z'
System info: host: 'DESKTOP-413IDC', ip: '10.176.45.91', os.name: 'Windows 10', os.arch: 'amd64', os.version: '10.0', java.version: '18.0.1'
Driver info: driver.version: unknown
	at com.tests.AMS.AssetsVendorModuleTest.SearchAssetsVendorTest(AssetsVendorModuleTest.java:66)
	at com.tests.AMS.AssetsVendorModuleTest.AssetsGroupModuleTestExecution(AssetsVendorModuleTest.java:43)
]]></failure>
    <system-out><![CDATA[ INFO [main] (BaseClass.java:72)- url is opened

Execute All AssetsGroup Module related Test Cases
--------------------------------------------------
Sign In completed
Inside DashboardPage
Current Page URL is : http://10.176.41.10:8080/UatAms/#/home/dashboard
Inside Master Tab

Inside ClickOnAssetsVendorTab Tab

Inside CreateAssetsVendorTest
------------------------------------------------

Inside ClickOnAssetsVendorTab Tab

Inside SearchAssetsVendorTest
------------------------------------------------
AssetsGroupModuleTestExecution
Screenshot taken
Test Case data in -> FetchExcelTestCaseData() : null
]]></system-out>
    <system-err><![CDATA[SLF4J: Failed to load class "org.slf4j.impl.StaticLoggerBinder".
SLF4J: Defaulting to no-operation (NOP) logger implementation
SLF4J: See http://www.slf4j.org/codes.html#StaticLoggerBinder for further details.
Starting ChromeDriver 110.0.5481.77 (65ed616c6e8ee3fe0ad64fe83796c020644d42af-refs/branch-heads/5481@{#839}) on port 33723
Only local connections are allowed.
Please see https://chromedriver.chromium.org/security-considerations for suggestions on keeping ChromeDriver safe.
ChromeDriver was started successfully.
[1681908291.125][WARNING]: virtual void DevToolsClientImpl::AddListener(DevToolsEventListener *) subscribing a listener to the already connected DevToolsClient. Connection notification will not arrive.
Apr 19, 2023 6:14:51 PM org.openqa.selenium.remote.ProtocolHandshake createSession
INFO: Detected dialect: W3C
]]></system-err>
  </testcase>
</testsuite>