<?xml version="1.0" encoding="UTF-8"?>
<testsuite xmlns:xsi="http://www.w3.org/2001/XMLSchema-instance" xsi:noNamespaceSchemaLocation="https://maven.apache.org/surefire/maven-surefire-plugin/xsd/surefire-test-report-3.0.xsd" version="3.0" name="TestSuite" time="15.973" tests="1" errors="0" skipped="0" failures="0">
  <properties>
[...]
</properties>
  <testcase name="AssetsGroupModuleTestExecution" classname="com.tests.AMS.AssetsStatusModuleTest" time="11.118">
    <system-out><![CDATA[ INFO [main] (BaseClass.java:70)- url is opened

Execute All AssetsGroup Module related Test Cases
--------------------------------------------------
Sign In completed
Current Page URL is : http://10.176.41.10:8080/UatAms/#/home/dashboard
Inside Dashboard Tab
Inside Master Tab

Inside AssetsStatus Tab

Inside SearchAssetsStatusTest
------------------------------------------------
Inside ItemsPerPageDropDown() : Selected Item is - 15
7 Records are present.
Number of cells In Row 0 are 3
All Rows
| 1 | Allocated |  | 
-------------------------------------------------- 
Number of cells In Row 1 are 3
All Rows
| 2 | Discard |  | 
-------------------------------------------------- 
Number of cells In Row 2 are 3
All Rows
| 3 | Active |  | 
-------------------------------------------------- 
Number of cells In Row 3 are 3
All Rows
| 4 | Deactive |  | 
-------------------------------------------------- 
Number of cells In Row 4 are 3
All Rows
| 5 | Approved |  | 
-------------------------------------------------- 
Number of cells In Row 5 are 3
All Rows
| 6 | Declined |  | 
-------------------------------------------------- 
Number of cells In Row 6 are 3
All Rows
| 7 | Available |  | 
-------------------------------------------------- 

Inside AssetsStatus Tab

Inside CreateAssetsStatusTest
------------------------------------------------

Inside AssetsStatus Tab

Inside SearchAssetsStatusTest
------------------------------------------------
Inside ItemsPerPageDropDown() : Selected Item is - 15
Inside SearchAssetsStatus()
Serched Assets Status for Asset Status Name(AssetStatusName)
1 Record is present.
Number of cells In Row 0 are 3
All Rows
| 1 | Not Present |  | 
-------------------------------------------------- 

Inside AssetsStatus Tab

Inside UpdateAssetsStatusTest
------------------------------------------------
Inside SearchAssetsStatus()
Serched Assets Status for Asset Status Name(AssetStatusName)
1 Record is present.
Record Updated Successfully!

Inside AssetsStatus Tab

Inside DeleteAssetsStatusTest
------------------------------------------------
Inside SearchAssetsStatus()
Serched Assets Status for Asset Status Name(NewAssetStatusName)
1 Record is present.
Number of cells In Row 0 are 3
All Rows
| 1 | Present |  | 
-------------------------------------------------- 
Deleted!
Sign Out completed
]]></system-out>
    <system-err><![CDATA[SLF4J: Failed to load class "org.slf4j.impl.StaticLoggerBinder".
SLF4J: Defaulting to no-operation (NOP) logger implementation
SLF4J: See http://www.slf4j.org/codes.html#StaticLoggerBinder for further details.
Starting ChromeDriver 112.0.5615.49 (bd2a7bcb881c11e8cfe3078709382934e3916914-refs/branch-heads/5615@{#936}) on port 16307
Only local connections are allowed.
Please see https://chromedriver.chromium.org/security-considerations for suggestions on keeping ChromeDriver safe.
ChromeDriver was started successfully.
Apr 20, 2023 2:47:58 PM org.openqa.selenium.remote.ProtocolHandshake createSession
INFO: Detected dialect: W3C
]]></system-err>
  </testcase>
</testsuite>