<?xml version="1.0" encoding="UTF-8"?>
<testng-results ignored="0" total="1" passed="1" failed="0" skipped="0">
  <reporter-output>
  </reporter-output>
  <suite started-at="2023-04-17T11:57:06Z" name="TCC-TestRunner" finished-at="2023-04-17T11:57:19Z" duration-ms="12830">
    <groups>
    </groups>
    <test started-at="2023-04-17T11:57:06Z" name="AMS Test" finished-at="2023-04-17T11:57:19Z" duration-ms="12830">
      <class name="com.tests.AMS.RequestModuleTest">
        <test-method is-config="true" signature="setup(java.lang.String, java.lang.String)[pri:0, instance:com.tests.AMS.RequestModuleTest@fa36558]" started-at="2023-04-17T11:57:06Z" name="setup" finished-at="2023-04-17T11:57:11Z" duration-ms="4295" status="PASS">
          <params>
            <param index="0">
              <value>
                <![CDATA[chrome]]>
              </value>
            </param>
            <param index="1">
              <value>
                <![CDATA[http://10.176.41.10:8080/UatAms]]>
              </value>
            </param>
          </params>
          <reporter-output>
          </reporter-output>
        </test-method> <!-- setup -->
        <test-method signature="RequestModuleTestExecution()[pri:1, instance:com.tests.AMS.RequestModuleTest@fa36558]" started-at="2023-04-17T11:57:11Z" name="RequestModuleTestExecution" finished-at="2023-04-17T11:57:19Z" duration-ms="8417" status="PASS">
          <reporter-output>
          </reporter-output>
        </test-method> <!-- RequestModuleTestExecution -->
        <test-method is-config="true" signature="teardown()[pri:0, instance:com.tests.AMS.RequestModuleTest@fa36558]" started-at="2023-04-17T11:57:19Z" name="teardown" finished-at="2023-04-17T11:57:19Z" duration-ms="0" status="PASS">
          <reporter-output>
          </reporter-output>
        </test-method> <!-- teardown -->
      </class> <!-- com.tests.AMS.RequestModuleTest -->
    </test> <!-- AMS Test -->
  </suite> <!-- TCC-TestRunner -->
</testng-results>
