<?xml version="1.0" encoding="UTF-8"?>
<testng-results ignored="0" total="1" passed="1" failed="0" skipped="0">
  <reporter-output>
  </reporter-output>
  <suite started-at="2023-08-01T13:55:21Z" name="TCC" finished-at="2023-08-01T13:55:38Z" duration-ms="17780">
    <groups>
    </groups>
    <test started-at="2023-08-01T13:55:21Z" name="asos Test" finished-at="2023-08-01T13:55:38Z" duration-ms="17780">
      <class name="com.testCases.AsosTest">
        <test-method is-config="true" signature="setup(java.lang.String, java.lang.String)[pri:0, instance:com.testCases.AsosTest@f2ff811]" started-at="2023-08-01T13:55:21Z" name="setup" finished-at="2023-08-01T13:55:33Z" duration-ms="11695" status="PASS">
          <params>
            <param index="0">
              <value>
                <![CDATA[chrome]]>
              </value>
            </param>
            <param index="1">
              <value>
                <![CDATA[https://www.asos.com/]]>
              </value>
            </param>
          </params>
          <reporter-output>
          </reporter-output>
        </test-method> <!-- setup -->
        <test-method signature="menAccessoriesLinksTest()[pri:0, instance:com.testCases.AsosTest@f2ff811]" started-at="2023-08-01T13:55:33Z" name="menAccessoriesLinksTest" finished-at="2023-08-01T13:55:38Z" duration-ms="5123" status="PASS">
          <reporter-output>
          </reporter-output>
        </test-method> <!-- menAccessoriesLinksTest -->
        <test-method is-config="true" signature="teardown()[pri:0, instance:com.testCases.AsosTest@f2ff811]" started-at="2023-08-01T13:55:38Z" name="teardown" finished-at="2023-08-01T13:55:38Z" duration-ms="758" status="PASS">
          <reporter-output>
          </reporter-output>
        </test-method> <!-- teardown -->
      </class> <!-- com.testCases.AsosTest -->
    </test> <!-- asos Test -->
  </suite> <!-- TCC -->
</testng-results>
