<?xml version="1.0" encoding="UTF-8"?>
<testng-results ignored="0" total="1" passed="1" failed="0" skipped="0">
  <reporter-output>
  </reporter-output>
  <suite started-at="2023-07-27T04:26:46Z" name="TCC" finished-at="2023-07-27T04:28:26Z" duration-ms="100515">
    <groups>
    </groups>
    <test started-at="2023-07-27T04:26:46Z" name="HandM Test" finished-at="2023-07-27T04:28:26Z" duration-ms="100515">
      <class name="com.testCases.HandMTest">
        <test-method is-config="true" signature="setup(java.lang.String, java.lang.String)[pri:0, instance:com.testCases.HandMTest@f2ff811]" started-at="2023-07-27T04:26:46Z" name="setup" finished-at="2023-07-27T04:26:58Z" duration-ms="12344" status="PASS">
          <params>
            <param index="0">
              <value>
                <![CDATA[chrome]]>
              </value>
            </param>
            <param index="1">
              <value>
                <![CDATA[https://www2.hm.com/en_in/index.html]]>
              </value>
            </param>
          </params>
          <reporter-output>
          </reporter-output>
        </test-method> <!-- setup -->
        <test-method signature="verifyRecommendedSortSelectedByDefault()[pri:0, instance:com.testCases.HandMTest@f2ff811]" started-at="2023-07-27T04:26:58Z" name="verifyRecommendedSortSelectedByDefault" finished-at="2023-07-27T04:28:25Z" duration-ms="86521" status="PASS">
          <reporter-output>
          </reporter-output>
        </test-method> <!-- verifyRecommendedSortSelectedByDefault -->
        <test-method is-config="true" signature="teardown()[pri:0, instance:com.testCases.HandMTest@f2ff811]" started-at="2023-07-27T04:28:25Z" name="teardown" finished-at="2023-07-27T04:28:26Z" duration-ms="1409" status="PASS">
          <reporter-output>
          </reporter-output>
        </test-method> <!-- teardown -->
      </class> <!-- com.testCases.HandMTest -->
    </test> <!-- HandM Test -->
  </suite> <!-- TCC -->
</testng-results>
